2026-03-27 01:41:00 [INFO] CSC is loading...   Success！
2026-03-27 01:41:01 [INFO]   Detected cloud rule update, preparing to download~
2026-03-27 01:41:01 [INFO]   Update completed~
2026-03-27 01:42:43 [INFO] CSC is loading...   Success！
2026-03-27 01:43:40 [INFO]    _____  _____  _____ 
2026-03-27 01:43:40 [INFO]   / ____|/ ____|/ ____|
2026-03-27 01:43:40 [INFO]  | |    | (___ | |        [CSC] Version: v0.21.18
2026-03-27 01:43:40 [INFO]  | |     \___ \| |        Minecraft Version: 1.20.1 forge
2026-03-27 01:43:40 [INFO]  | |____ ____) | |____    Problem/Feedback: Tencent QQ：1061133894
2026-03-27 01:43:40 [INFO]   \_____|_____/ \_____|
2026-03-27 01:43:40 [INFO]                        
2026-03-27 01:52:04 [INFO] CSC close completely, thanks for using!
2026-03-27 15:05:45 [INFO] CSC is loading...   Success！
2026-03-27 15:53:44 [INFO] CSC is loading...   Success！
2026-03-27 15:59:02 [INFO] CSC is loading...   Success！
2026-03-27 16:01:03 [INFO] CSC is loading...   Success！
2026-03-27 16:06:56 [INFO]    _____  _____  _____ 
2026-03-27 16:06:56 [INFO]   / ____|/ ____|/ ____|
2026-03-27 16:06:56 [INFO]  | |    | (___ | |        [CSC] Version: v0.21.18
2026-03-27 16:06:56 [INFO]  | |     \___ \| |        Minecraft Version: 1.20.1 forge
2026-03-27 16:06:56 [INFO]  | |____ ____) | |____    Problem/Feedback: Tencent QQ：1061133894
2026-03-27 16:06:56 [INFO]   \_____|_____/ \_____|
2026-03-27 16:06:56 [INFO]                        
2026-03-27 16:08:23 [INFO] CSC close completely, thanks for using!
2026-03-27 18:15:15 [INFO] CSC is loading...   Success！
2026-03-27 18:15:52 [INFO]    _____  _____  _____ 
2026-03-27 18:15:52 [INFO]   / ____|/ ____|/ ____|
2026-03-27 18:15:52 [INFO]  | |    | (___ | |        [CSC] Version: v0.21.18
2026-03-27 18:15:52 [INFO]  | |     \___ \| |        Minecraft Version: 1.20.1 forge
2026-03-27 18:15:52 [INFO]  | |____ ____) | |____    Problem/Feedback: Tencent QQ：1061133894
2026-03-27 18:15:52 [INFO]   \_____|_____/ \_____|
2026-03-27 18:15:52 [INFO]                        
2026-03-27 18:25:36 [INFO] CSC close completely, thanks for using!
2026-03-27 18:28:29 [INFO] CSC is loading...   Success！
2026-03-27 18:28:56 [INFO]    _____  _____  _____ 
2026-03-27 18:28:56 [INFO]   / ____|/ ____|/ ____|
2026-03-27 18:28:56 [INFO]  | |    | (___ | |        [CSC] Version: v0.21.18
2026-03-27 18:28:56 [INFO]  | |     \___ \| |        Minecraft Version: 1.20.1 forge
2026-03-27 18:28:56 [INFO]  | |____ ____) | |____    Problem/Feedback: Tencent QQ：1061133894
2026-03-27 18:28:56 [INFO]   \_____|_____/ \_____|
2026-03-27 18:28:56 [INFO]                        
2026-03-27 18:32:02 [INFO] CSC close completely, thanks for using!
2026-03-27 20:51:57 [INFO] CSC is loading...   Success！
2026-03-27 20:54:07 [INFO]    _____  _____  _____ 
2026-03-27 20:54:07 [INFO]   / ____|/ ____|/ ____|
2026-03-27 20:54:07 [INFO]  | |    | (___ | |        [CSC] Version: v0.21.18
2026-03-27 20:54:07 [INFO]  | |     \___ \| |        Minecraft Version: 1.20.1 forge
2026-03-27 20:54:07 [INFO]  | |____ ____) | |____    Problem/Feedback: Tencent QQ：1061133894
2026-03-27 20:54:07 [INFO]   \_____|_____/ \_____|
2026-03-27 20:54:07 [INFO]                        
2026-03-27 21:12:24 [INFO] CSC is loading...   Success！
2026-03-27 21:13:07 [INFO]    _____  _____  _____ 
2026-03-27 21:13:07 [INFO]   / ____|/ ____|/ ____|
2026-03-27 21:13:07 [INFO]  | |    | (___ | |        [CSC] Version: v0.21.18
2026-03-27 21:13:07 [INFO]  | |     \___ \| |        Minecraft Version: 1.20.1 forge
2026-03-27 21:13:07 [INFO]  | |____ ____) | |____    Problem/Feedback: Tencent QQ：1061133894
2026-03-27 21:13:07 [INFO]   \_____|_____/ \_____|
2026-03-27 21:13:07 [INFO]                        
2026-03-27 21:19:33 [INFO] CSC is loading...   Success！
2026-03-27 21:20:43 [INFO] CSC is loading...   Success！
2026-03-27 21:21:31 [INFO]    _____  _____  _____ 
2026-03-27 21:21:31 [INFO]   / ____|/ ____|/ ____|
2026-03-27 21:21:31 [INFO]  | |    | (___ | |        [CSC] Version: v0.21.18
2026-03-27 21:21:31 [INFO]  | |     \___ \| |        Minecraft Version: 1.20.1 forge
2026-03-27 21:21:31 [INFO]  | |____ ____) | |____    Problem/Feedback: Tencent QQ：1061133894
2026-03-27 21:21:31 [INFO]   \_____|_____/ \_____|
2026-03-27 21:21:31 [INFO]                        
2026-03-27 22:57:03 [INFO] CSC close completely, thanks for using!
2026-03-27 23:15:49 [INFO] CSC is loading...   Success！
2026-03-27 23:16:39 [INFO]    _____  _____  _____ 
2026-03-27 23:16:39 [INFO]   / ____|/ ____|/ ____|
2026-03-27 23:16:39 [INFO]  | |    | (___ | |        [CSC] Version: v0.21.18
2026-03-27 23:16:39 [INFO]  | |     \___ \| |        Minecraft Version: 1.20.1 forge
2026-03-27 23:16:39 [INFO]  | |____ ____) | |____    Problem/Feedback: Tencent QQ：1061133894
2026-03-27 23:16:39 [INFO]   \_____|_____/ \_____|
2026-03-27 23:16:39 [INFO]                        
2026-03-28 15:19:52 [INFO] CSC is loading...   Success！
2026-03-28 15:20:27 [INFO]    _____  _____  _____ 
2026-03-28 15:20:27 [INFO]   / ____|/ ____|/ ____|
2026-03-28 15:20:27 [INFO]  | |    | (___ | |        [CSC] Version: v0.21.18
2026-03-28 15:20:27 [INFO]  | |     \___ \| |        Minecraft Version: 1.20.1 forge
2026-03-28 15:20:27 [INFO]  | |____ ____) | |____    Problem/Feedback: Tencent QQ：1061133894
2026-03-28 15:20:27 [INFO]   \_____|_____/ \_____|
2026-03-28 15:20:27 [INFO]                        
2026-03-28 15:37:44 [INFO] CSC close completely, thanks for using!
2026-03-28 15:42:47 [INFO] CSC is loading...   Success！
2026-03-28 15:43:32 [INFO]    _____  _____  _____ 
2026-03-28 15:43:32 [INFO]   / ____|/ ____|/ ____|
2026-03-28 15:43:32 [INFO]  | |    | (___ | |        [CSC] Version: v0.21.18
2026-03-28 15:43:32 [INFO]  | |     \___ \| |        Minecraft Version: 1.20.1 forge
2026-03-28 15:43:32 [INFO]  | |____ ____) | |____    Problem/Feedback: Tencent QQ：1061133894
2026-03-28 15:43:32 [INFO]   \_____|_____/ \_____|
2026-03-28 15:43:32 [INFO]                        
2026-03-28 15:50:00 [INFO] CSC close completely, thanks for using!
2026-03-28 15:52:14 [INFO] CSC is loading...   Success！
2026-03-28 15:52:51 [INFO]    _____  _____  _____ 
2026-03-28 15:52:51 [INFO]   / ____|/ ____|/ ____|
2026-03-28 15:52:51 [INFO]  | |    | (___ | |        [CSC] Version: v0.21.18
2026-03-28 15:52:51 [INFO]  | |     \___ \| |        Minecraft Version: 1.20.1 forge
2026-03-28 15:52:51 [INFO]  | |____ ____) | |____    Problem/Feedback: Tencent QQ：1061133894
2026-03-28 15:52:51 [INFO]   \_____|_____/ \_____|
2026-03-28 15:52:51 [INFO]                        
2026-03-28 15:54:36 [INFO] CSC close completely, thanks for using!
2026-03-28 20:19:45 [INFO] CSC is loading...   Success！
2026-03-28 20:21:09 [INFO] CSC is loading...   Success！
2026-03-28 20:26:06 [INFO] CSC is loading...   Success！
2026-03-28 20:30:30 [INFO] CSC is loading...   Success！
2026-03-28 20:32:38 [INFO] CSC is loading...   Success！
2026-03-28 20:33:46 [INFO]    _____  _____  _____ 
2026-03-28 20:33:46 [INFO]   / ____|/ ____|/ ____|
2026-03-28 20:33:46 [INFO]  | |    | (___ | |        [CSC] Version: v0.21.18
2026-03-28 20:33:46 [INFO]  | |     \___ \| |        Minecraft Version: 1.20.1 forge
2026-03-28 20:33:46 [INFO]  | |____ ____) | |____    Problem/Feedback: Tencent QQ：1061133894
2026-03-28 20:33:46 [INFO]   \_____|_____/ \_____|
2026-03-28 20:33:46 [INFO]                        
2026-03-28 20:59:49 [INFO] CSC close completely, thanks for using!
2026-03-28 21:00:46 [INFO] CSC is loading...   Success！
2026-03-28 21:01:18 [INFO]    _____  _____  _____ 
2026-03-28 21:01:18 [INFO]   / ____|/ ____|/ ____|
2026-03-28 21:01:18 [INFO]  | |    | (___ | |        [CSC] Version: v0.21.18
2026-03-28 21:01:18 [INFO]  | |     \___ \| |        Minecraft Version: 1.20.1 forge
2026-03-28 21:01:18 [INFO]  | |____ ____) | |____    Problem/Feedback: Tencent QQ：1061133894
2026-03-28 21:01:18 [INFO]   \_____|_____/ \_____|
2026-03-28 21:01:18 [INFO]                        
2026-03-28 21:01:55 [INFO] CSC close completely, thanks for using!
2026-03-28 21:11:37 [INFO] CSC is loading...   Success！
2026-03-28 21:12:26 [INFO]    _____  _____  _____ 
2026-03-28 21:12:26 [INFO]   / ____|/ ____|/ ____|
2026-03-28 21:12:26 [INFO]  | |    | (___ | |        [CSC] Version: v0.21.18
2026-03-28 21:12:26 [INFO]  | |     \___ \| |        Minecraft Version: 1.20.1 forge
2026-03-28 21:12:26 [INFO]  | |____ ____) | |____    Problem/Feedback: Tencent QQ：1061133894
2026-03-28 21:12:26 [INFO]   \_____|_____/ \_____|
2026-03-28 21:12:26 [INFO]                        
2026-03-28 21:59:05 [INFO] CSC close completely, thanks for using!
2026-03-28 22:00:33 [INFO] CSC is loading...   Success！
2026-03-28 22:12:31 [INFO]    _____  _____  _____ 
2026-03-28 22:12:31 [INFO]   / ____|/ ____|/ ____|
2026-03-28 22:12:31 [INFO]  | |    | (___ | |        [CSC] Version: v0.21.18
2026-03-28 22:12:31 [INFO]  | |     \___ \| |        Minecraft Version: 1.20.1 forge
2026-03-28 22:12:31 [INFO]  | |____ ____) | |____    Problem/Feedback: Tencent QQ：1061133894
2026-03-28 22:12:31 [INFO]   \_____|_____/ \_____|
2026-03-28 22:12:31 [INFO]                        
2026-03-29 09:45:09 [INFO] CSC is loading...   Success！
2026-03-29 09:49:23 [INFO]    _____  _____  _____ 
2026-03-29 09:49:23 [INFO]   / ____|/ ____|/ ____|
2026-03-29 09:49:23 [INFO]  | |    | (___ | |        [CSC] Version: v0.21.18
2026-03-29 09:49:23 [INFO]  | |     \___ \| |        Minecraft Version: 1.20.1 forge
2026-03-29 09:49:23 [INFO]  | |____ ____) | |____    Problem/Feedback: Tencent QQ：1061133894
2026-03-29 09:49:23 [INFO]   \_____|_____/ \_____|
2026-03-29 09:49:23 [INFO]                        
2026-03-29 10:02:27 [INFO] CSC close completely, thanks for using!
